Release 14.7 - xst P.20131013 (nt64)
Copyright (c) 1995-2013 Xilinx, Inc.  All rights reserved.
--> Parameter TMPDIR set to xst/projnav.tmp


Total REAL time to Xst completion: 0.00 secs
Total CPU time to Xst completion: 0.14 secs
 
--> Parameter xsthdpdir set to xst


Total REAL time to Xst completion: 0.00 secs
Total CPU time to Xst completion: 0.14 secs
 
--> Reading design: mux16b8.prj

TABLE OF CONTENTS
  1) Synthesis Options Summary
  2) HDL Compilation
  3) Design Hierarchy Analysis
  4) HDL Analysis
  5) HDL Synthesis
     5.1) HDL Synthesis Report
  6) Advanced HDL Synthesis
     6.1) Advanced HDL Synthesis Report
  7) Low Level Synthesis
  8) Partition Report
  9) Final Report
	9.1) Device utilization summary
	9.2) Partition Resource Summary
	9.3) TIMING REPORT


=========================================================================
*                      Synthesis Options Summary                        *
=========================================================================
---- Source Parameters
Input File Name                    : "mux16b8.prj"
Input Format                       : mixed
Ignore Synthesis Constraint File   : NO

---- Target Parameters
Output File Name                   : "mux16b8"
Output Format                      : NGC
Target Device                      : xc3s500e-4-fg320

---- Source Options
Top Module Name                    : mux16b8
Automatic FSM Extraction           : YES
FSM Encoding Algorithm             : Auto
Safe Implementation                : No
FSM Style                          : LUT
RAM Extraction                     : Yes
RAM Style                          : Auto
ROM Extraction                     : Yes
Mux Style                          : Auto
Decoder Extraction                 : YES
Priority Encoder Extraction        : Yes
Shift Register Extraction          : YES
Logical Shifter Extraction         : YES
XOR Collapsing                     : YES
ROM Style                          : Auto
Mux Extraction                     : Yes
Resource Sharing                   : YES
Asynchronous To Synchronous        : NO
Multiplier Style                   : Auto
Automatic Register Balancing       : No

---- Target Options
Add IO Buffers                     : YES
Global Maximum Fanout              : 500
Add Generic Clock Buffer(BUFG)     : 24
Register Duplication               : YES
Slice Packing                      : YES
Optimize Instantiated Primitives   : NO
Use Clock Enable                   : Yes
Use Synchronous Set                : Yes
Use Synchronous Reset              : Yes
Pack IO Registers into IOBs        : Auto
Equivalent register Removal        : YES

---- General Options
Optimization Goal                  : Speed
Optimization Effort                : 1
Keep Hierarchy                     : No
Netlist Hierarchy                  : As_Optimized
RTL Output                         : Yes
Global Optimization                : AllClockNets
Read Cores                         : YES
Write Timing Constraints           : NO
Cross Clock Analysis               : NO
Hierarchy Separator                : /
Bus Delimiter                      : <>
Case Specifier                     : Maintain
Slice Utilization Ratio            : 100
BRAM Utilization Ratio             : 100
Verilog 2001                       : YES
Auto BRAM Packing                  : NO
Slice Utilization Ratio Delta      : 5

=========================================================================


=========================================================================
*                          HDL Compilation                              *
=========================================================================
Compiling verilog file "mux16b8.vf" in library work
Module <M2_1E_MXILINX_mux16b8> compiled
Module <M8_1E_MXILINX_mux16b8> compiled
Module <mux16b8> compiled
No errors in compilation
Analysis of file <"mux16b8.prj"> succeeded.
 

=========================================================================
*                     Design Hierarchy Analysis                         *
=========================================================================
Analyzing hierarchy for module <mux16b8> in library <work>.

Analyzing hierarchy for module <M8_1E_MXILINX_mux16b8> in library <work>.

Analyzing hierarchy for module <M8_1E_MXILINX_mux16b8> in library <work>.

Analyzing hierarchy for module <M8_1E_MXILINX_mux16b8> in library <work>.

Analyzing hierarchy for module <M8_1E_MXILINX_mux16b8> in library <work>.

Analyzing hierarchy for module <M8_1E_MXILINX_mux16b8> in library <work>.

Analyzing hierarchy for module <M8_1E_MXILINX_mux16b8> in library <work>.

Analyzing hierarchy for module <M8_1E_MXILINX_mux16b8> in library <work>.

Analyzing hierarchy for module <M8_1E_MXILINX_mux16b8> in library <work>.

Analyzing hierarchy for module <M8_1E_MXILINX_mux16b8> in library <work>.

Analyzing hierarchy for module <M8_1E_MXILINX_mux16b8> in library <work>.

Analyzing hierarchy for module <M8_1E_MXILINX_mux16b8> in library <work>.

Analyzing hierarchy for module <M8_1E_MXILINX_mux16b8> in library <work>.

Analyzing hierarchy for module <M8_1E_MXILINX_mux16b8> in library <work>.

Analyzing hierarchy for module <M8_1E_MXILINX_mux16b8> in library <work>.

Analyzing hierarchy for module <M8_1E_MXILINX_mux16b8> in library <work>.

Analyzing hierarchy for module <M8_1E_MXILINX_mux16b8> in library <work>.

Analyzing hierarchy for module <M2_1E_MXILINX_mux16b8> in library <work>.

Analyzing hierarchy for module <M2_1E_MXILINX_mux16b8> in library <work>.

Analyzing hierarchy for module <M2_1E_MXILINX_mux16b8> in library <work>.

Analyzing hierarchy for module <M2_1E_MXILINX_mux16b8> in library <work>.


=========================================================================
*                            HDL Analysis                               *
=========================================================================
Analyzing top module <mux16b8>.
Module <mux16b8> is correct for synthesis.
 
    Set user-defined property "HU_SET =  XLXI_1_4" for instance <XLXI_1> in unit <mux16b8>.
    Set user-defined property "HU_SET =  XLXI_10_6" for instance <XLXI_10> in unit <mux16b8>.
    Set user-defined property "HU_SET =  XLXI_11_7" for instance <XLXI_11> in unit <mux16b8>.
    Set user-defined property "HU_SET =  XLXI_24_8" for instance <XLXI_24> in unit <mux16b8>.
    Set user-defined property "HU_SET =  XLXI_25_9" for instance <XLXI_25> in unit <mux16b8>.
    Set user-defined property "HU_SET =  XLXI_26_10" for instance <XLXI_26> in unit <mux16b8>.
    Set user-defined property "HU_SET =  XLXI_27_11" for instance <XLXI_27> in unit <mux16b8>.
    Set user-defined property "HU_SET =  XLXI_28_12" for instance <XLXI_28> in unit <mux16b8>.
    Set user-defined property "HU_SET =  XLXI_29_13" for instance <XLXI_29> in unit <mux16b8>.
    Set user-defined property "HU_SET =  XLXI_30_14" for instance <XLXI_30> in unit <mux16b8>.
    Set user-defined property "HU_SET =  XLXI_31_15" for instance <XLXI_31> in unit <mux16b8>.
    Set user-defined property "HU_SET =  XLXI_32_16" for instance <XLXI_32> in unit <mux16b8>.
    Set user-defined property "HU_SET =  XLXI_33_17" for instance <XLXI_33> in unit <mux16b8>.
    Set user-defined property "HU_SET =  XLXI_34_18" for instance <XLXI_34> in unit <mux16b8>.
    Set user-defined property "HU_SET =  XLXI_35_19" for instance <XLXI_35> in unit <mux16b8>.
    Set user-defined property "HU_SET =  XLXI_9_5" for instance <XLXI_9> in unit <mux16b8>.
Analyzing module <M8_1E_MXILINX_mux16b8.1> in library <work>.
Module <M8_1E_MXILINX_mux16b8.1> is correct for synthesis.
 
    Set user-defined property "HU_SET =  I_M01_3" for instance <I_M01> in unit <M8_1E_MXILINX_mux16b8.1>.
    Set user-defined property "HU_SET =  I_M23_2" for instance <I_M23> in unit <M8_1E_MXILINX_mux16b8.1>.
    Set user-defined property "HU_SET =  I_M45_1" for instance <I_M45> in unit <M8_1E_MXILINX_mux16b8.1>.
    Set user-defined property "HU_SET =  I_M67_0" for instance <I_M67> in unit <M8_1E_MXILINX_mux16b8.1>.
Analyzing module <M2_1E_MXILINX_mux16b8.1> in library <work>.
Module <M2_1E_MXILINX_mux16b8.1> is correct for synthesis.
 
Analyzing module <M2_1E_MXILINX_mux16b8.2> in library <work>.
Module <M2_1E_MXILINX_mux16b8.2> is correct for synthesis.
 
Analyzing module <M2_1E_MXILINX_mux16b8.3> in library <work>.
Module <M2_1E_MXILINX_mux16b8.3> is correct for synthesis.
 
Analyzing module <M2_1E_MXILINX_mux16b8.4> in library <work>.
Module <M2_1E_MXILINX_mux16b8.4> is correct for synthesis.
 
Analyzing module <M8_1E_MXILINX_mux16b8.2> in library <work>.
Module <M8_1E_MXILINX_mux16b8.2> is correct for synthesis.
 
    Set user-defined property "HU_SET =  I_M01_3" for instance <I_M01> in unit <M8_1E_MXILINX_mux16b8.2>.
    Set user-defined property "HU_SET =  I_M23_2" for instance <I_M23> in unit <M8_1E_MXILINX_mux16b8.2>.
    Set user-defined property "HU_SET =  I_M45_1" for instance <I_M45> in unit <M8_1E_MXILINX_mux16b8.2>.
    Set user-defined property "HU_SET =  I_M67_0" for instance <I_M67> in unit <M8_1E_MXILINX_mux16b8.2>.
Analyzing module <M8_1E_MXILINX_mux16b8.3> in library <work>.
Module <M8_1E_MXILINX_mux16b8.3> is correct for synthesis.
 
    Set user-defined property "HU_SET =  I_M01_3" for instance <I_M01> in unit <M8_1E_MXILINX_mux16b8.3>.
    Set user-defined property "HU_SET =  I_M23_2" for instance <I_M23> in unit <M8_1E_MXILINX_mux16b8.3>.
    Set user-defined property "HU_SET =  I_M45_1" for instance <I_M45> in unit <M8_1E_MXILINX_mux16b8.3>.
    Set user-defined property "HU_SET =  I_M67_0" for instance <I_M67> in unit <M8_1E_MXILINX_mux16b8.3>.
Analyzing module <M8_1E_MXILINX_mux16b8.4> in library <work>.
Module <M8_1E_MXILINX_mux16b8.4> is correct for synthesis.
 
    Set user-defined property "HU_SET =  I_M01_3" for instance <I_M01> in unit <M8_1E_MXILINX_mux16b8.4>.
    Set user-defined property "HU_SET =  I_M23_2" for instance <I_M23> in unit <M8_1E_MXILINX_mux16b8.4>.
    Set user-defined property "HU_SET =  I_M45_1" for instance <I_M45> in unit <M8_1E_MXILINX_mux16b8.4>.
    Set user-defined property "HU_SET =  I_M67_0" for instance <I_M67> in unit <M8_1E_MXILINX_mux16b8.4>.
Analyzing module <M8_1E_MXILINX_mux16b8.5> in library <work>.
Module <M8_1E_MXILINX_mux16b8.5> is correct for synthesis.
 
    Set user-defined property "HU_SET =  I_M01_3" for instance <I_M01> in unit <M8_1E_MXILINX_mux16b8.5>.
    Set user-defined property "HU_SET =  I_M23_2" for instance <I_M23> in unit <M8_1E_MXILINX_mux16b8.5>.
    Set user-defined property "HU_SET =  I_M45_1" for instance <I_M45> in unit <M8_1E_MXILINX_mux16b8.5>.
    Set user-defined property "HU_SET =  I_M67_0" for instance <I_M67> in unit <M8_1E_MXILINX_mux16b8.5>.
Analyzing module <M8_1E_MXILINX_mux16b8.6> in library <work>.
Module <M8_1E_MXILINX_mux16b8.6> is correct for synthesis.
 
    Set user-defined property "HU_SET =  I_M01_3" for instance <I_M01> in unit <M8_1E_MXILINX_mux16b8.6>.
    Set user-defined property "HU_SET =  I_M23_2" for instance <I_M23> in unit <M8_1E_MXILINX_mux16b8.6>.
    Set user-defined property "HU_SET =  I_M45_1" for instance <I_M45> in unit <M8_1E_MXILINX_mux16b8.6>.
    Set user-defined property "HU_SET =  I_M67_0" for instance <I_M67> in unit <M8_1E_MXILINX_mux16b8.6>.
Analyzing module <M8_1E_MXILINX_mux16b8.7> in library <work>.
Module <M8_1E_MXILINX_mux16b8.7> is correct for synthesis.
 
    Set user-defined property "HU_SET =  I_M01_3" for instance <I_M01> in unit <M8_1E_MXILINX_mux16b8.7>.
    Set user-defined property "HU_SET =  I_M23_2" for instance <I_M23> in unit <M8_1E_MXILINX_mux16b8.7>.
    Set user-defined property "HU_SET =  I_M45_1" for instance <I_M45> in unit <M8_1E_MXILINX_mux16b8.7>.
    Set user-defined property "HU_SET =  I_M67_0" for instance <I_M67> in unit <M8_1E_MXILINX_mux16b8.7>.
Analyzing module <M8_1E_MXILINX_mux16b8.8> in library <work>.
Module <M8_1E_MXILINX_mux16b8.8> is correct for synthesis.
 
    Set user-defined property "HU_SET =  I_M01_3" for instance <I_M01> in unit <M8_1E_MXILINX_mux16b8.8>.
    Set user-defined property "HU_SET =  I_M23_2" for instance <I_M23> in unit <M8_1E_MXILINX_mux16b8.8>.
    Set user-defined property "HU_SET =  I_M45_1" for instance <I_M45> in unit <M8_1E_MXILINX_mux16b8.8>.
    Set user-defined property "HU_SET =  I_M67_0" for instance <I_M67> in unit <M8_1E_MXILINX_mux16b8.8>.
Analyzing module <M8_1E_MXILINX_mux16b8.9> in library <work>.
Module <M8_1E_MXILINX_mux16b8.9> is correct for synthesis.
 
    Set user-defined property "HU_SET =  I_M01_3" for instance <I_M01> in unit <M8_1E_MXILINX_mux16b8.9>.
    Set user-defined property "HU_SET =  I_M23_2" for instance <I_M23> in unit <M8_1E_MXILINX_mux16b8.9>.
    Set user-defined property "HU_SET =  I_M45_1" for instance <I_M45> in unit <M8_1E_MXILINX_mux16b8.9>.
    Set user-defined property "HU_SET =  I_M67_0" for instance <I_M67> in unit <M8_1E_MXILINX_mux16b8.9>.
Analyzing module <M8_1E_MXILINX_mux16b8.10> in library <work>.
Module <M8_1E_MXILINX_mux16b8.10> is correct for synthesis.
 
    Set user-defined property "HU_SET =  I_M01_3" for instance <I_M01> in unit <M8_1E_MXILINX_mux16b8.10>.
    Set user-defined property "HU_SET =  I_M23_2" for instance <I_M23> in unit <M8_1E_MXILINX_mux16b8.10>.
    Set user-defined property "HU_SET =  I_M45_1" for instance <I_M45> in unit <M8_1E_MXILINX_mux16b8.10>.
    Set user-defined property "HU_SET =  I_M67_0" for instance <I_M67> in unit <M8_1E_MXILINX_mux16b8.10>.
Analyzing module <M8_1E_MXILINX_mux16b8.11> in library <work>.
Module <M8_1E_MXILINX_mux16b8.11> is correct for synthesis.
 
    Set user-defined property "HU_SET =  I_M01_3" for instance <I_M01> in unit <M8_1E_MXILINX_mux16b8.11>.
    Set user-defined property "HU_SET =  I_M23_2" for instance <I_M23> in unit <M8_1E_MXILINX_mux16b8.11>.
    Set user-defined property "HU_SET =  I_M45_1" for instance <I_M45> in unit <M8_1E_MXILINX_mux16b8.11>.
    Set user-defined property "HU_SET =  I_M67_0" for instance <I_M67> in unit <M8_1E_MXILINX_mux16b8.11>.
Analyzing module <M8_1E_MXILINX_mux16b8.12> in library <work>.
Module <M8_1E_MXILINX_mux16b8.12> is correct for synthesis.
 
    Set user-defined property "HU_SET =  I_M01_3" for instance <I_M01> in unit <M8_1E_MXILINX_mux16b8.12>.
    Set user-defined property "HU_SET =  I_M23_2" for instance <I_M23> in unit <M8_1E_MXILINX_mux16b8.12>.
    Set user-defined property "HU_SET =  I_M45_1" for instance <I_M45> in unit <M8_1E_MXILINX_mux16b8.12>.
    Set user-defined property "HU_SET =  I_M67_0" for instance <I_M67> in unit <M8_1E_MXILINX_mux16b8.12>.
Analyzing module <M8_1E_MXILINX_mux16b8.13> in library <work>.
Module <M8_1E_MXILINX_mux16b8.13> is correct for synthesis.
 
    Set user-defined property "HU_SET =  I_M01_3" for instance <I_M01> in unit <M8_1E_MXILINX_mux16b8.13>.
    Set user-defined property "HU_SET =  I_M23_2" for instance <I_M23> in unit <M8_1E_MXILINX_mux16b8.13>.
    Set user-defined property "HU_SET =  I_M45_1" for instance <I_M45> in unit <M8_1E_MXILINX_mux16b8.13>.
    Set user-defined property "HU_SET =  I_M67_0" for instance <I_M67> in unit <M8_1E_MXILINX_mux16b8.13>.
Analyzing module <M8_1E_MXILINX_mux16b8.14> in library <work>.
Module <M8_1E_MXILINX_mux16b8.14> is correct for synthesis.
 
    Set user-defined property "HU_SET =  I_M01_3" for instance <I_M01> in unit <M8_1E_MXILINX_mux16b8.14>.
    Set user-defined property "HU_SET =  I_M23_2" for instance <I_M23> in unit <M8_1E_MXILINX_mux16b8.14>.
    Set user-defined property "HU_SET =  I_M45_1" for instance <I_M45> in unit <M8_1E_MXILINX_mux16b8.14>.
    Set user-defined property "HU_SET =  I_M67_0" for instance <I_M67> in unit <M8_1E_MXILINX_mux16b8.14>.
Analyzing module <M8_1E_MXILINX_mux16b8.15> in library <work>.
Module <M8_1E_MXILINX_mux16b8.15> is correct for synthesis.
 
    Set user-defined property "HU_SET =  I_M01_3" for instance <I_M01> in unit <M8_1E_MXILINX_mux16b8.15>.
    Set user-defined property "HU_SET =  I_M23_2" for instance <I_M23> in unit <M8_1E_MXILINX_mux16b8.15>.
    Set user-defined property "HU_SET =  I_M45_1" for instance <I_M45> in unit <M8_1E_MXILINX_mux16b8.15>.
    Set user-defined property "HU_SET =  I_M67_0" for instance <I_M67> in unit <M8_1E_MXILINX_mux16b8.15>.
Analyzing module <M8_1E_MXILINX_mux16b8.16> in library <work>.
Module <M8_1E_MXILINX_mux16b8.16> is correct for synthesis.
 
    Set user-defined property "HU_SET =  I_M01_3" for instance <I_M01> in unit <M8_1E_MXILINX_mux16b8.16>.
    Set user-defined property "HU_SET =  I_M23_2" for instance <I_M23> in unit <M8_1E_MXILINX_mux16b8.16>.
    Set user-defined property "HU_SET =  I_M45_1" for instance <I_M45> in unit <M8_1E_MXILINX_mux16b8.16>.
    Set user-defined property "HU_SET =  I_M67_0" for instance <I_M67> in unit <M8_1E_MXILINX_mux16b8.16>.

=========================================================================
*                           HDL Synthesis                               *
=========================================================================

Performing bidirectional port resolution...

Synthesizing Unit <M2_1E_MXILINX_mux16b8_1>.
    Related source file is "mux16b8.vf".
Unit <M2_1E_MXILINX_mux16b8_1> synthesized.


Synthesizing Unit <M2_1E_MXILINX_mux16b8_2>.
    Related source file is "mux16b8.vf".
Unit <M2_1E_MXILINX_mux16b8_2> synthesized.


Synthesizing Unit <M2_1E_MXILINX_mux16b8_3>.
    Related source file is "mux16b8.vf".
Unit <M2_1E_MXILINX_mux16b8_3> synthesized.


Synthesizing Unit <M2_1E_MXILINX_mux16b8_4>.
    Related source file is "mux16b8.vf".
Unit <M2_1E_MXILINX_mux16b8_4> synthesized.


Synthesizing Unit <M8_1E_MXILINX_mux16b8_1>.
    Related source file is "mux16b8.vf".
Unit <M8_1E_MXILINX_mux16b8_1> synthesized.


Synthesizing Unit <M8_1E_MXILINX_mux16b8_2>.
    Related source file is "mux16b8.vf".
Unit <M8_1E_MXILINX_mux16b8_2> synthesized.


Synthesizing Unit <M8_1E_MXILINX_mux16b8_3>.
    Related source file is "mux16b8.vf".
Unit <M8_1E_MXILINX_mux16b8_3> synthesized.


Synthesizing Unit <M8_1E_MXILINX_mux16b8_4>.
    Related source file is "mux16b8.vf".
Unit <M8_1E_MXILINX_mux16b8_4> synthesized.


Synthesizing Unit <M8_1E_MXILINX_mux16b8_5>.
    Related source file is "mux16b8.vf".
Unit <M8_1E_MXILINX_mux16b8_5> synthesized.


Synthesizing Unit <M8_1E_MXILINX_mux16b8_6>.
    Related source file is "mux16b8.vf".
Unit <M8_1E_MXILINX_mux16b8_6> synthesized.


Synthesizing Unit <M8_1E_MXILINX_mux16b8_7>.
    Related source file is "mux16b8.vf".
Unit <M8_1E_MXILINX_mux16b8_7> synthesized.


Synthesizing Unit <M8_1E_MXILINX_mux16b8_8>.
    Related source file is "mux16b8.vf".
Unit <M8_1E_MXILINX_mux16b8_8> synthesized.


Synthesizing Unit <M8_1E_MXILINX_mux16b8_9>.
    Related source file is "mux16b8.vf".
Unit <M8_1E_MXILINX_mux16b8_9> synthesized.


Synthesizing Unit <M8_1E_MXILINX_mux16b8_10>.
    Related source file is "mux16b8.vf".
Unit <M8_1E_MXILINX_mux16b8_10> synthesized.


Synthesizing Unit <M8_1E_MXILINX_mux16b8_11>.
    Related source file is "mux16b8.vf".
Unit <M8_1E_MXILINX_mux16b8_11> synthesized.


Synthesizing Unit <M8_1E_MXILINX_mux16b8_12>.
    Related source file is "mux16b8.vf".
Unit <M8_1E_MXILINX_mux16b8_12> synthesized.


Synthesizing Unit <M8_1E_MXILINX_mux16b8_13>.
    Related source file is "mux16b8.vf".
Unit <M8_1E_MXILINX_mux16b8_13> synthesized.


Synthesizing Unit <M8_1E_MXILINX_mux16b8_14>.
    Related source file is "mux16b8.vf".
Unit <M8_1E_MXILINX_mux16b8_14> synthesized.


Synthesizing Unit <M8_1E_MXILINX_mux16b8_15>.
    Related source file is "mux16b8.vf".
Unit <M8_1E_MXILINX_mux16b8_15> synthesized.


Synthesizing Unit <M8_1E_MXILINX_mux16b8_16>.
    Related source file is "mux16b8.vf".
Unit <M8_1E_MXILINX_mux16b8_16> synthesized.


Synthesizing Unit <mux16b8>.
    Related source file is "mux16b8.vf".
Unit <mux16b8> synthesized.


=========================================================================
HDL Synthesis Report

Found no macro
=========================================================================

=========================================================================
*                       Advanced HDL Synthesis                          *
=========================================================================


=========================================================================
Advanced HDL Synthesis Report

Found no macro
=========================================================================

=========================================================================
*                         Low Level Synthesis                           *
=========================================================================

Optimizing unit <mux16b8> ...

Optimizing unit <M2_1E_MXILINX_mux16b8_1> ...

Optimizing unit <M2_1E_MXILINX_mux16b8_2> ...

Optimizing unit <M2_1E_MXILINX_mux16b8_3> ...

Optimizing unit <M2_1E_MXILINX_mux16b8_4> ...

Optimizing unit <M8_1E_MXILINX_mux16b8_1> ...

Optimizing unit <M8_1E_MXILINX_mux16b8_2> ...

Optimizing unit <M8_1E_MXILINX_mux16b8_3> ...

Optimizing unit <M8_1E_MXILINX_mux16b8_4> ...

Optimizing unit <M8_1E_MXILINX_mux16b8_5> ...

Optimizing unit <M8_1E_MXILINX_mux16b8_6> ...

Optimizing unit <M8_1E_MXILINX_mux16b8_7> ...

Optimizing unit <M8_1E_MXILINX_mux16b8_8> ...

Optimizing unit <M8_1E_MXILINX_mux16b8_9> ...

Optimizing unit <M8_1E_MXILINX_mux16b8_10> ...

Optimizing unit <M8_1E_MXILINX_mux16b8_11> ...

Optimizing unit <M8_1E_MXILINX_mux16b8_12> ...

Optimizing unit <M8_1E_MXILINX_mux16b8_13> ...

Optimizing unit <M8_1E_MXILINX_mux16b8_14> ...

Optimizing unit <M8_1E_MXILINX_mux16b8_15> ...

Optimizing unit <M8_1E_MXILINX_mux16b8_16> ...

Mapping all equations...
Building and optimizing final netlist ...
Found area constraint ratio of 100 (+ 5) on block mux16b8, actual ratio is 0.

Final Macro Processing ...

=========================================================================
Final Register Report

Found no macro
=========================================================================

=========================================================================
*                           Partition Report                            *
=========================================================================

Partition Implementation Status
-------------------------------

  No Partitions were found in this design.

-------------------------------

=========================================================================
*                            Final Report                               *
=========================================================================
Final Results
RTL Top Level Output File Name     : mux16b8.ngr
Top Level Output File Name         : mux16b8
Output Format                      : NGC
Optimization Goal                  : Speed
Keep Hierarchy                     : No

Design Statistics
# IOs                              : 147

Cell Usage :
# BELS                             : 241
#      AND3                        : 64
#      AND3B1                      : 64
#      MUXF5_L                     : 32
#      MUXF6                       : 16
#      OR2                         : 64
#      VCC                         : 1
# IO Buffers                       : 147
#      IBUF                        : 131
#      OBUF                        : 16
=========================================================================

Device utilization summary:
---------------------------

Selected Device : 3s500efg320-4 

 Number of Slices:                        0  out of   4656     0%  
 Number of IOs:                         147
 Number of bonded IOBs:                 147  out of    232    63%  

---------------------------
Partition Resource Summary:
---------------------------

  No Partitions were found in this design.

---------------------------


=========================================================================
TIMING REPORT

NOTE: THESE TIMING NUMBERS ARE ONLY A SYNTHESIS ESTIMATE.
      FOR ACCURATE TIMING INFORMATION PLEASE REFER TO THE TRACE REPORT
      GENERATED AFTER PLACE-and-ROUTE.

Clock Information:
------------------
No clock signals found in this design

Asynchronous Control Signals Information:
----------------------------------------
No asynchronous control signals found in this design

Timing Summary:
---------------
Speed Grade: -4

   Minimum period: No path found
   Minimum input arrival time before clock: No path found
   Maximum output required time after clock: No path found
   Maximum combinational path delay: 8.873ns

Timing Detail:
--------------
All values displayed in nanoseconds (ns)

=========================================================================
Timing constraint: Default path analysis
  Total number of paths / destination ports: 304 / 16
-------------------------------------------------------------------------
Delay:               8.873ns (Levels of Logic = 8)
  Source:            S<0> (PAD)
  Destination:       O<15> (PAD)

  Data Path: S<0> to O<15>
                                Gate     Net
    Cell:in->out      fanout   Delay   Delay  Logical Name (Net Name)
    ----------------------------------------  ------------
     IBUF:I->O           128   1.218   1.293  S_0_IBUF (S_0_IBUF)
     begin scope: 'XLXI_1'
     begin scope: 'I_M01'
     AND3:I2->O            1   0.704   0.420  I_36_30 (M1)
     OR2:I0->O             1   0.704   0.000  I_36_38 (O)
     end scope: 'I_M01'
     MUXF5_L:I0->LO        1   0.321   0.000  I_M03 (M03)
     MUXF6:I0->O           1   0.521   0.420  I_O (O)
     end scope: 'XLXI_1'
     OBUF:I->O                 3.272          O_0_OBUF (O<0>)
    ----------------------------------------
    Total                      8.873ns (6.740ns logic, 2.133ns route)
                                       (76.0% logic, 24.0% route)

=========================================================================


Total REAL time to Xst completion: 5.00 secs
Total CPU time to Xst completion: 5.35 secs
 
--> 

Total memory usage is 307132 kilobytes

Number of errors   :    0 (   0 filtered)
Number of warnings :    0 (   0 filtered)
Number of infos    :    0 (   0 filtered)

